\BOOKMARK [1][]{section.1}{\376\377\0001\000\040\000P\000r\000o\000b\000l\000e\000m\0001}{}% 1
\BOOKMARK [2][]{subsection.1.1}{\376\377\0001\000.\0001\000\040\000F\000i\000l\000e\000s}{section.1}% 2
\BOOKMARK [3][]{subsubsection.1.1.1}{\376\377\0001\000.\0001\000.\0001\000\040\000p\000t\000r\000e\000e\000.\000c}{subsection.1.1}% 3
\BOOKMARK [3][]{subsubsection.1.1.2}{\376\377\0001\000.\0001\000.\0002\000\040\000M\000a\000k\000e\000f\000i\000l\000e}{subsection.1.1}% 4
\BOOKMARK [3][]{subsubsection.1.1.3}{\376\377\0001\000.\0001\000.\0003\000\040\215\104\221\321\126\360\226\276}{subsection.1.1}% 5
\BOOKMARK [1][]{section.2}{\376\377\0002\000\040\121\161\116\253\176\317\155\116\150\110\117\213\122\006\147\220\040\024\040\024\116\345\000\040\000o\000f\000o\000\040\116\072\117\213}{}% 6
\BOOKMARK [2][]{subsection.2.1}{\376\377\0002\000.\0001\000\040\121\161\116\253\123\125\217\146\000o\000f\000o\123\321\134\125\123\206\172\013}{section.2}% 7
\BOOKMARK [3][]{subsubsection.2.1.1}{\376\377\0002\000.\0001\000.\0001\000\040\121\161\116\253\123\125\217\146\000o\000f\000o\166\204\121\164\215\167}{subsection.2.1}% 8
\BOOKMARK [3][]{subsubsection.2.1.2}{\376\377\0002\000.\0001\000.\0002\000\040\121\161\116\253\123\125\217\146\000o\000f\000o\166\204\123\321\134\125}{subsection.2.1}% 9
\BOOKMARK [3][]{subsubsection.2.1.3}{\376\377\0002\000.\0001\000.\0003\000\040\121\161\116\253\123\125\217\146\000o\000f\000o\166\204\210\160\204\075}{subsection.2.1}% 10
\BOOKMARK [2][]{subsection.2.2}{\376\377\0002\000.\0002\000\040\121\161\116\253\123\125\217\146\000o\000f\000o\121\164\215\167\123\237\126\340}{section.2}% 11
\BOOKMARK [3][]{subsubsection.2.2.1}{\376\377\0002\000.\0002\000.\0001\000\040\156\341\215\263\133\242\142\067\227\000\154\102}{subsection.2.2}% 12
\BOOKMARK [3][]{subsubsection.2.2.2}{\376\377\0002\000.\0002\000.\0002\000\040\142\212\143\341\166\356\150\007\136\002\127\072}{subsection.2.2}% 13
\BOOKMARK [3][]{subsubsection.2.2.3}{\376\377\0002\000.\0002\000.\0003\000\040\116\367\150\074\116\016\117\303\225\000\173\126\165\145}{subsection.2.2}% 14
\BOOKMARK [2][]{subsection.2.3}{\376\377\0002\000.\0003\000\040\121\161\116\253\123\125\217\146\000o\000f\000o\210\160\204\075\123\237\126\340}{section.2}% 15
\BOOKMARK [3][]{subsubsection.2.3.1}{\376\377\0002\000.\0003\000.\0001\000\040\217\307\136\246\142\225\145\076\137\025\215\167\171\076\117\032\225\356\230\230}{subsection.2.3}% 16
\BOOKMARK [3][]{subsubsection.2.3.2}{\376\377\0002\000.\0003\000.\0002\000\040\136\163\123\360\117\341\140\157\133\211\121\150\140\047\135\356}{subsection.2.3}% 17
\BOOKMARK [3][]{subsubsection.2.3.3}{\376\377\0002\000.\0003\000.\0003\000\040\136\163\123\360\166\310\122\051\200\375\122\233\137\061}{subsection.2.3}% 18
\BOOKMARK [3][]{subsubsection.2.3.4}{\376\377\0002\000.\0003\000.\0004\000\040\117\001\116\032\121\205\220\350\173\241\164\006\117\123\174\373\177\072\131\061}{subsection.2.3}% 19
\BOOKMARK [1][]{section.3}{\376\377\0003\000\040\121\161\116\253\176\317\155\116\123\321\134\125\136\372\213\256}{}% 20
\BOOKMARK [2][]{subsection.3.1}{\376\377\0003\000.\0001\000\040\117\001\116\032\133\214\125\204\136\163\123\360}{section.3}% 21
\BOOKMARK [2][]{subsection.3.2}{\376\377\0003\000.\0002\000\040\145\077\136\234\122\240\137\072\173\241\164\006}{section.3}% 22
\BOOKMARK [2][]{subsection.3.3}{\376\377\0003\000.\0003\000\040\120\145\121\150\173\241\164\006\117\123\174\373}{section.3}% 23
\BOOKMARK [0][]{subsection.3.3}{\376\377\123\302\200\003\145\207\163\056}{}% 24
